2026-04-18 19:26:12.141 [restartedMain] INFO  c.g.b.c.CardPaymentApplication - Starting CardPaymentApplication using Java 25 with PID 15156 (E:\MyProjects\CardPayment\target\classes started by User in E:\MyProjects\CardPayment)
2026-04-18 19:26:12.145 [restartedMain] INFO  c.g.b.c.CardPaymentApplication - No active profile set, falling back to 1 default profile: "default"
2026-04-18 19:26:14.816 [restartedMain] INFO  o.a.coyote.http11.Http11NioProtocol - Initializing ProtocolHandler ["http-nio-5500"]
2026-04-18 19:26:14.818 [restartedMain] INFO  o.a.catalina.core.StandardService - Starting service [Tomcat]
2026-04-18 19:26:14.819 [restartedMain] INFO  o.a.catalina.core.StandardEngine - Starting Servlet engine: [Apache Tomcat/11.0.20]
2026-04-18 19:26:16.251 [restartedMain] INFO  com.zaxxer.hikari.HikariDataSource - HikariPool-1 - Starting...
2026-04-18 19:26:16.558 [restartedMain] INFO  com.zaxxer.hikari.pool.HikariPool - HikariPool-1 - Added connection conn0: url=jdbc:h2:mem:transferdb user=SA
2026-04-18 19:26:16.561 [restartedMain] INFO  com.zaxxer.hikari.HikariDataSource - HikariPool-1 - Start completed.
2026-04-18 19:26:16.615 [restartedMain] WARN  org.hibernate.orm.deprecation - HHH90000025: H2Dialect does not need to be specified explicitly using 'hibernate.dialect' (remove the property setting and it will be selected by default)
2026-04-18 19:26:19.020 [restartedMain] WARN  o.s.b.j.a.JpaBaseConfiguration$JpaWebConfiguration - spring.jpa.open-in-view is enabled by default. Therefore, database queries may be performed during view rendering. Explicitly configure spring.jpa.open-in-view to disable this warning
2026-04-18 19:26:19.899 [restartedMain] INFO  o.a.coyote.http11.Http11NioProtocol - Starting ProtocolHandler ["http-nio-5500"]
2026-04-18 19:26:19.942 [restartedMain] INFO  c.g.b.c.CardPaymentApplication - Started CardPaymentApplication in 8.932 seconds (process running for 10.762)
2026-04-18 19:26:21.171 [RMI TCP Connection(2)-172.24.240.1] INFO  o.a.c.c.C.[Tomcat].[localhost].[/] - Initializing Spring DispatcherServlet 'dispatcherServlet'
2026-04-18 19:26:21.171 [RMI TCP Connection(2)-172.24.240.1] INFO  o.s.web.servlet.DispatcherServlet - Initializing Servlet 'dispatcherServlet'
2026-04-18 19:26:21.175 [RMI TCP Connection(2)-172.24.240.1] INFO  o.s.web.servlet.DispatcherServlet - Completed initialization in 4 ms
2026-04-18 19:27:35.901 [http-nio-5500-exec-2] INFO  c.g.b.c.service.TransferService - Операция инициирована: 276b918d-16de-41ee-84ce-13b292b038ca
2026-04-18 19:27:35.994 [http-nio-5500-exec-4] INFO  c.g.b.c.service.TransferService - Транзакция проведена: 10000 1111111111111111 → 2222222222222222
2026-04-18 19:27:36.058 [http-nio-5500-exec-4] INFO  c.g.b.c.service.TransferService - Операция подтверждена и завершена: 276b918d-16de-41ee-84ce-13b292b038ca
2026-04-18 19:27:58.628 [http-nio-5500-exec-6] INFO  c.g.b.c.service.TransferService - Операция инициирована: d479d324-9b2c-4424-a4f3-c1af09daefe2
2026-04-18 19:27:58.659 [http-nio-5500-exec-7] INFO  c.g.b.c.service.TransferService - Транзакция проведена: 20000 1111111111111111 → 2222222222222222
2026-04-18 19:27:58.662 [http-nio-5500-exec-7] INFO  c.g.b.c.service.TransferService - Операция подтверждена и завершена: d479d324-9b2c-4424-a4f3-c1af09daefe2
2026-04-18 19:28:05.073 [SpringApplicationShutdownHook] WARN  o.s.b.f.s.DisposableBeanAdapter - Invocation of destroy method failed on bean with name 'inMemoryDatabaseShutdownExecutor': org.h2.jdbc.JdbcSQLNonTransientConnectionException: База данных уже закрыта (чтобы отключить автоматическое закрытие базы данных при останове JVM, добавьте ";DB_CLOSE_ON_EXIT=FALSE" в URL)
Database is already closed (to disable automatic closing at VM shutdown, add ";DB_CLOSE_ON_EXIT=FALSE" to the db URL) [90121-240]
2026-04-18 19:28:05.075 [SpringApplicationShutdownHook] INFO  com.zaxxer.hikari.HikariDataSource - HikariPool-1 - Shutdown initiated...
2026-04-18 19:28:05.087 [SpringApplicationShutdownHook] INFO  com.zaxxer.hikari.HikariDataSource - HikariPool-1 - Shutdown completed.
